This is LuaTeX, Version beta-0.79.1 (TeX Live 2014/Arch Linux) (rev 4971)  (format=lualatex 2015.4.6)  23 APR 2015 21:33
 restricted \write18 enabled.
**mg_project_paper.tex
(./mg_project_paper.tex
LaTeX2e <2014/05/01>
Babel <3.9l> and hyphenation patterns for 79 languages loaded.
(/usr/share/texmf-dist/tex/latex/base/article.cls
Document Class: article 2014/09/29 v1.4h Standard LaTeX document class
(/usr/share/texmf-dist/tex/latex/base/size12.clo
File: size12.clo 2014/09/29 v1.4h Standard LaTeX file (size option)
)
\c@part=\count79
\c@section=\count80
\c@subsection=\count81
\c@subsubsection=\count82
\c@paragraph=\count83
\c@subparagraph=\count84
\c@figure=\count85
\c@table=\count86
\abovecaptionskip=\skip41
\belowcaptionskip=\skip42
\bibindent=\dimen102
)
(/usr/share/texmf-dist/tex/latex/amsmath/amsmath.sty
Package: amsmath 2013/01/14 v2.14 AMS math features
\@mathmargin=\skip43

For additional information on amsmath, use the `?' option.
(/usr/share/texmf-dist/tex/latex/amsmath/amstext.sty
Package: amstext 2000/06/29 v2.01

(/usr/share/texmf-dist/tex/latex/amsmath/amsgen.sty
File: amsgen.sty 1999/11/30 v2.0
\@emptytoks=\toks14
\ex@=\dimen103
))
(/usr/share/texmf-dist/tex/latex/amsmath/amsbsy.sty
Package: amsbsy 1999/11/29 v1.2d
\pmbraise@=\dimen104
)
(/usr/share/texmf-dist/tex/latex/amsmath/amsopn.sty
Package: amsopn 1999/12/14 v2.01 operator names
)
\inf@bad=\count87
LaTeX Info: Redefining \frac on input line 210.
\uproot@=\count88
\leftroot@=\count89
LaTeX Info: Redefining \overline on input line 306.
\classnum@=\count90
\DOTSCASE@=\count91
LaTeX Info: Redefining \ldots on input line 378.
LaTeX Info: Redefining \dots on input line 381.
LaTeX Info: Redefining \cdots on input line 466.
\Mathstrutbox@=\box26
\strutbox@=\box27
\big@size=\dimen105
LaTeX Font Info:    Redeclaring font encoding OML on input line 566.
LaTeX Font Info:    Redeclaring font encoding OMS on input line 567.
\macc@depth=\count92
\c@MaxMatrixCols=\count93
\dotsspace@=\muskip10
\c@parentequation=\count94
\dspbrk@lvl=\count95
\tag@help=\toks15
\row@=\count96
\column@=\count97
\maxfields@=\count98
\andhelp@=\toks16
\eqnshift@=\dimen106
\alignsep@=\dimen107
\tagshift@=\dimen108
\tagwidth@=\dimen109
\totwidth@=\dimen110
\lineht@=\dimen111
\@envbody=\toks17
\multlinegap=\skip44
\multlinetaggap=\skip45
\mathdisplay@stack=\toks18
LaTeX Info: Redefining \[ on input line 2665.
LaTeX Info: Redefining \] on input line 2666.
)
(/usr/share/texmf-dist/tex/latex/amsfonts/amssymb.sty
Package: amssymb 2013/01/14 v3.01 AMS font symbols

(/usr/share/texmf-dist/tex/latex/amsfonts/amsfonts.sty
Package: amsfonts 2013/01/14 v3.01 Basic AMSFonts support
\symAMSa=\mathgroup4
\symAMSb=\mathgroup5
LaTeX Font Info:    Overwriting math alphabet `\mathfrak' in version `bold'
(Font)                  U/euf/m/n --> U/euf/b/n on input line 106.
))
(/usr/share/texmf-dist/tex/latex/amscls/amsthm.sty
Package: amsthm 2009/07/02 v2.20.1
\thm@style=\toks19
\thm@bodyfont=\toks20
\thm@headfont=\toks21
\thm@notefont=\toks22
\thm@headpunct=\toks23
\thm@preskip=\skip46
\thm@postskip=\skip47
\thm@headsep=\skip48
\dth@everypar=\toks24
)
(/usr/share/texmf-dist/tex/latex/graphics/epsfig.sty
Package: epsfig 1999/02/16 v1.7a (e)psfig emulation (SPQR)

(/usr/share/texmf-dist/tex/latex/graphics/graphicx.sty
Package: graphicx 2014/10/28 v1.0g Enhanced LaTeX Graphics (DPC,SPQR)

(/usr/share/texmf-dist/tex/latex/graphics/keyval.sty
Package: keyval 2014/10/28 v1.15 key=value parser (DPC)
\KV@toks@=\toks25
)
(/usr/share/texmf-dist/tex/latex/graphics/graphics.sty
Package: graphics 2014/10/28 v1.0p Standard LaTeX Graphics (DPC,SPQR)

(/usr/share/texmf-dist/tex/latex/graphics/trig.sty
Package: trig 1999/03/16 v1.09 sin cos tan (DPC)
)
(/usr/share/texmf-dist/tex/latex/latexconfig/graphics.cfg
File: graphics.cfg 2010/04/23 v1.9 graphics configuration of TeX Live
)
Package graphics Info: Driver file: pdftex.def on input line 91.

(/usr/share/texmf-dist/tex/latex/pdftex-def/pdftex.def
File: pdftex.def 2011/05/27 v0.06d Graphics/color for pdfTeX

(/usr/share/texmf-dist/tex/generic/oberdiek/infwarerr.sty
Package: infwarerr 2010/04/08 v1.3 Providing info/warning/error messages (HO)
)
(/usr/share/texmf-dist/tex/generic/oberdiek/ltxcmds.sty
Package: ltxcmds 2011/11/09 v1.22 LaTeX kernel commands for general use (HO)
)
(/usr/share/texmf-dist/tex/generic/oberdiek/pdftexcmds.sty
Package: pdftexcmds 2011/11/29 v0.20 Utility functions of pdfTeX for LuaTeX (HO)


(/usr/share/texmf-dist/tex/generic/oberdiek/ifluatex.sty
Package: ifluatex 2010/03/01 v1.3 Provides the ifluatex switch (HO)
Package ifluatex Info: LuaTeX detected.
)
(/usr/share/texmf-dist/tex/generic/oberdiek/ifpdf.sty
Package: ifpdf 2011/01/30 v2.3 Provides the ifpdf switch (HO)
Package ifpdf Info: pdfTeX in PDF mode is detected.
)
Package pdftexcmds Info: \pdf@primitive is available.
Package pdftexcmds Info: \pdf@ifprimitive is available.
Package pdftexcmds Info: \pdfdraftmode found.

(/usr/share/texmf-dist/tex/generic/oberdiek/luatex-loader.sty
Package: luatex-loader 2010/03/09 v0.4 Lua module loader (HO)

(/usr/share/texmf-dist/scripts/oberdiek/oberdiek.luatex.lua))
\pdftexcmds@toks=\toks26
)
\Gread@gobject=\count99
))
\Gin@req@height=\dimen112
\Gin@req@width=\dimen113
)
\epsfxsize=\dimen114
\epsfysize=\dimen115
)
(/usr/share/texmf-dist/tex/latex/wrapfig/wrapfig.sty
\wrapoverhang=\dimen116
\WF@size=\dimen117
\c@WF@wrappedlines=\count100
\WF@box=\box28
\WF@everypar=\toks27
Package: wrapfig 2003/01/31  v 3.6
)
(/usr/share/texmf-dist/tex/latex/graphics/color.sty
Package: color 2014/10/28 v1.1a Standard LaTeX Color (DPC)

(/usr/share/texmf-dist/tex/latex/latexconfig/color.cfg
File: color.cfg 2007/01/18 v1.5 color configuration of teTeX/TeXLive
)
Package color Info: Driver file: pdftex.def on input line 137.
)
(/usr/share/texmf-dist/tex/latex/cancel/cancel.sty
Package: cancel 2013/04/12 v2.2 Cancel math terms
)
(/usr/share/texmf-dist/tex/latex/preprint/fullpage.sty
Package: fullpage 1999/02/23 1.1 (PWD)
\FP@margin=\skip49
)
(/usr/share/texmf-dist/tex/latex/float/float.sty
Package: float 2001/11/08 v1.3d Float enhancements (AL)
\c@float@type=\count101
\float@exts=\toks28
\float@box=\box29
\@float@everytoks=\toks29
\@floatcapt=\box30
)
(/usr/share/texmf-dist/tex/generic/ulem/ulem.sty
\UL@box=\box31
\UL@hyphenbox=\box32
\UL@skip=\skip50
\UL@hook=\toks30
\UL@height=\dimen118
\UL@pe=\count102
\UL@pixel=\dimen119
\ULC@box=\box33
Package: ulem 2012/05/18
\ULdepth=\dimen120
)
(/usr/share/texmf-dist/tex/latex/setspace/setspace.sty
Package: setspace 2011/12/19 v6.7a set line spacing
)
(/usr/share/texmf-dist/tex/latex/caption/caption.sty
Package: caption 2013/05/02 v3.3-89 Customizing captions (AR)

(/usr/share/texmf-dist/tex/latex/caption/caption3.sty
Package: caption3 2013/05/02 v1.6-88 caption3 kernel (AR)
Package caption3 Info: TeX engine: e-TeX on input line 57.
\captionmargin=\dimen121
\captionmargin@=\dimen122
\captionwidth=\dimen123
\caption@tempdima=\dimen124
\caption@indent=\dimen125
\caption@parindent=\dimen126
\caption@hangindent=\dimen127
)
\c@ContinuedFloat=\count103
Package caption Info: float package is loaded.
Package caption Info: wrapfig package is loaded.
)
(/usr/share/texmf-dist/tex/latex/caption/subcaption.sty
Package: subcaption 2013/02/03 v1.1-62 Sub-captions (AR)
\c@subfigure=\count104
\c@subtable=\count105
)
(./mg_project_paper.aux)
LaTeX Font Info:    Checking defaults for OML/cmm/m/it on input line 59.
LaTeX Font Info:    ... okay on input line 59.
LaTeX Font Info:    Checking defaults for T1/cmr/m/n on input line 59.
LaTeX Font Info:    ... okay on input line 59.
LaTeX Font Info:    Checking defaults for OT1/cmr/m/n on input line 59.
LaTeX Font Info:    ... okay on input line 59.
LaTeX Font Info:    Checking defaults for OMS/cmsy/m/n on input line 59.
LaTeX Font Info:    ... okay on input line 59.
LaTeX Font Info:    Checking defaults for OMX/cmex/m/n on input line 59.
LaTeX Font Info:    ... okay on input line 59.
LaTeX Font Info:    Checking defaults for U/cmr/m/n on input line 59.
LaTeX Font Info:    ... okay on input line 59.
 (/usr/share/texmf-dist/tex/context/base/supp-pdf.mkii
[Loading MPS to PDF converter (version 2006.09.02).]
\scratchcounter=\count106
\scratchdimen=\dimen128
\scratchbox=\box34
\nofMPsegments=\count107
\nofMParguments=\count108
\everyMPshowfont=\toks31
\MPscratchCnt=\count109
\MPscratchDim=\dimen129
\MPnumerator=\count110
\makeMPintoPDFobject=\count111
\everyMPtoPDFconversion=\toks32
) (/usr/share/texmf-dist/tex/latex/oberdiek/epstopdf-base.sty
Package: epstopdf-base 2010/02/09 v2.5 Base part for package epstopdf

(/usr/share/texmf-dist/tex/latex/oberdiek/grfext.sty
Package: grfext 2010/08/19 v1.1 Manage graphics extensions (HO)

(/usr/share/texmf-dist/tex/generic/oberdiek/kvdefinekeys.sty
Package: kvdefinekeys 2011/04/07 v1.3 Define keys (HO)
))
(/usr/share/texmf-dist/tex/latex/oberdiek/kvoptions.sty
Package: kvoptions 2011/06/30 v3.11 Key value format for package options (HO)

(/usr/share/texmf-dist/tex/generic/oberdiek/kvsetkeys.sty
Package: kvsetkeys 2012/04/25 v1.16 Key value parser (HO)

(/usr/share/texmf-dist/tex/generic/oberdiek/etexcmds.sty
Package: etexcmds 2011/02/16 v1.5 Avoid name clashes with e-TeX commands (HO)
)))
Package grfext Info: Graphics extension search list:
(grfext)             [.png,.pdf,.jpg,.mps,.jpeg,.jbig2,.jb2,.PNG,.PDF,.JPG,.JPEG
,.JBIG2,.JB2,.eps]
(grfext)             \AppendGraphicsExtensions on input line 452.

(/usr/share/texmf-dist/tex/latex/latexconfig/epstopdf-sys.cfg
File: epstopdf-sys.cfg 2010/07/13 v1.3 Configuration of (r)epstopdf for TeX Live

))
Package caption Info: Begin \AtBeginDocument code.
Package caption Info: End \AtBeginDocument code.
LaTeX Font Info:    Try loading font information for U+msa on input line 62.

(/usr/share/texmf-dist/tex/latex/amsfonts/umsa.fd
File: umsa.fd 2013/01/14 v3.01 AMS symbols A
)
LaTeX Font Info:    Try loading font information for U+msb on input line 62.

(/usr/share/texmf-dist/tex/latex/amsfonts/umsb.fd
File: umsb.fd 2013/01/14 v3.01 AMS symbols B
)
Underfull \hbox (badness 10000) in paragraph at lines 66--71

 []

[1

{/var/lib/texmf/fonts/map/pdftex/updmap/pdftex.map}] [2]
Underfull \hbox (badness 10000) in paragraph at lines 89--90

 []


Underfull \hbox (badness 10000) in paragraph at lines 92--93

 []

<checker_disk_good_seg_1.png, id=18, 60.225pt x 60.225pt>
File: checker_disk_good_seg_1.png Graphic file (type png)

<use checker_disk_good_seg_1.png>
Package pdftex.def Info: checker_disk_good_seg_1.png used on input line 96.
(pdftex.def)             Requested size: 93.95886pt x 93.95886pt.

<checker_disk_good_seg_2.png, id=19, 60.225pt x 60.225pt>
File: checker_disk_good_seg_2.png Graphic file (type png)

<use checker_disk_good_seg_2.png>
Package pdftex.def Info: checker_disk_good_seg_2.png used on input line 97.
(pdftex.def)             Requested size: 93.95886pt x 93.95886pt.

Underfull \hbox (badness 10000) in paragraph at lines 102--103

 []

<spiral_bad_seg_1.png, id=20, 64.24pt x 64.24pt>
File: spiral_bad_seg_1.png Graphic file (type png)
 <use spiral_bad_seg_1.png>
Package pdftex.def Info: spiral_bad_seg_1.png used on input line 108.
(pdftex.def)             Requested size: 93.95723pt x 93.95723pt.

<spiral_bad_seg_2.png, id=21, 64.24pt x 64.24pt>
File: spiral_bad_seg_2.png Graphic file (type png)
 <use spiral_bad_seg_2.png>
Package pdftex.def Info: spiral_bad_seg_2.png used on input line 109.
(pdftex.def)             Requested size: 93.95723pt x 93.95723pt.

<spiral_bad_seg_3.png, id=22, 64.24pt x 64.24pt>
File: spiral_bad_seg_3.png Graphic file (type png)
 <use spiral_bad_seg_3.png>
Package pdftex.def Info: spiral_bad_seg_3.png used on input line 110.
(pdftex.def)             Requested size: 93.95723pt x 93.95723pt.

<spiral_good_seg_1.png, id=23, 64.24pt x 64.24pt>
File: spiral_good_seg_1.png Graphic file (type png)
 <use spiral_good_seg_1.png>
Package pdftex.def Info: spiral_good_seg_1.png used on input line 118.
(pdftex.def)             Requested size: 93.95723pt x 93.95723pt.

<spiral_good_seg_2.png, id=24, 64.24pt x 64.24pt>
File: spiral_good_seg_2.png Graphic file (type png)
 <use spiral_good_seg_2.png>
Package pdftex.def Info: spiral_good_seg_2.png used on input line 119.
(pdftex.def)             Requested size: 93.95723pt x 93.95723pt.

Underfull \hbox (badness 10000) in paragraph at lines 128--129

 []

[3] <peppers_seg_1.png, id=28, 75.1608pt x 75.1608pt>
File: peppers_seg_1.png Graphic file (type png)
 <use peppers_seg_1.png>
Package pdftex.def Info: peppers_seg_1.png used on input line 132.
(pdftex.def)             Requested size: 93.95418pt x 93.95418pt.

<peppers_seg_2.png, id=29, 50.1875pt x 50.1875pt>
File: peppers_seg_2.png Graphic file (type png)
 <use peppers_seg_2.png>
Package pdftex.def Info: peppers_seg_2.png used on input line 133.
(pdftex.def)             Requested size: 93.96346pt x 93.96346pt.

<peppers_seg_3.png, id=30, 50.1875pt x 50.1875pt>
File: peppers_seg_3.png Graphic file (type png)
 <use peppers_seg_3.png>
Package pdftex.def Info: peppers_seg_3.png used on input line 134.
(pdftex.def)             Requested size: 93.96346pt x 93.96346pt.

<peppers_seg_4.png, id=31, 50.1875pt x 50.1875pt>
File: peppers_seg_4.png Graphic file (type png)
 <use peppers_seg_4.png>
Package pdftex.def Info: peppers_seg_4.png used on input line 135.
(pdftex.def)             Requested size: 93.96346pt x 93.96346pt.

<peppers_seg_5.png, id=32, 50.1875pt x 50.1875pt>
File: peppers_seg_5.png Graphic file (type png)
 <use peppers_seg_5.png>
Package pdftex.def Info: peppers_seg_5.png used on input line 136.
(pdftex.def)             Requested size: 93.96346pt x 93.96346pt.

Underfull \hbox (badness 10000) in paragraph at lines 141--142

 []

[4<./checker_disk_good_seg_1.png><./checker_disk_good_seg_2.png>] [5<./spiral_ba
d_seg_1.png><./spiral_bad_seg_2.png><./spiral_bad_seg_3.png><./spiral_good_seg_1
.png><./spiral_good_seg_2.png>] [6<./peppers_seg_1.png><./peppers_seg_2.png><./p
eppers_seg_3.png><./peppers_seg_4.png><./peppers_seg_5.png>]
(./mg_project_paper.aux))

Here is how much of LuaTeX's memory you used:
 4199 strings out of 494693
 100000,128383 words of node,token memory allocated
 354 words of node memory still in use:
   5 hlist, 2 vlist, 2 rule, 2 glue, 1 kern, 46 glue_spec, 1 write nodes
   avail lists: 2:19,3:139,4:1020,5:237,6:3759,7:379,9:178,10:330
 7645 multiletter control sequences out of 65536+600000
 56 fonts using 2211607 bytes
 41i,8n,38p,1227b,457s stack positions out of 5000i,500n,10000p,200000b,100000s
<</usr/share/texmf-dist/fonts/type1/public/amsfonts/cm/cmbx12.pfb><</usr/share/t
exmf-dist/fonts/type1/public/amsfonts/cm/cmex10.pfb><</usr/share/texmf-dist/font
s/type1/public/amsfonts/cm/cmmi12.pfb><</usr/share/texmf-dist/fonts/type1/public
/amsfonts/cm/cmmi6.pfb><</usr/share/texmf-dist/fonts/type1/public/amsfonts/cm/cm
mi8.pfb><</usr/share/texmf-dist/fonts/type1/public/amsfonts/cm/cmr10.pfb><</usr/
share/texmf-dist/fonts/type1/public/amsfonts/cm/cmr12.pfb><</usr/share/texmf-dis
t/fonts/type1/public/amsfonts/cm/cmr17.pfb><</usr/share/texmf-dist/fonts/type1/p
ublic/amsfonts/cm/cmr8.pfb><</usr/share/texmf-dist/fonts/type1/public/amsfonts/c
m/cmsy8.pfb><</usr/share/texmf-dist/fonts/type1/public/amsfonts/cm/cmti12.pfb>
Output written on mg_project_paper.pdf (6 pages, 150625 bytes).

PDF statistics: 89 PDF objects out of 1000 (max. 8388607)
 47 compressed objects within 1 object stream
 0 named destinations out of 1000 (max. 131072)
 1 words of extra memory for PDF output out of 10000 (max. 10000000)

